# JRE version: OpenJDK Runtime Environment (11.0.8+10) (build 11.0.8+10-b944.6842174)
# Java VM: OpenJDK 64-Bit Server VM (11.0.8+10-b944.6842174, mixed mode, tiered, compressed oops, g1 gc, windows-amd64)
Heap:
 garbage-first heap   total 236544K, used 140294K [0x0000000080000000, 0x0000000100000000)
  region size 1024K, 58 young (59392K), 2 survivors (2048K)
 Metaspace       used 112232K, capacity 115186K, committed 115452K, reserved 1150976K
  class space    used 13659K, capacity 14708K, committed 14720K, reserved 1048576K
GC Heap History (20 events):
Event: 5899.170 GC heap before
{Heap before GC invocations=70 (full 0):
 garbage-first heap   total 236544K, used 99048K [0x0000000080000000, 0x0000000100000000)
  region size 1024K, 11 young (11264K), 9 survivors (9216K)
 Metaspace       used 110776K, capacity 113363K, committed 114684K, reserved 1148928K
  class space    used 13528K, capacity 14471K, committed 14720K, reserved 1048576K
}
Event: 5899.199 GC heap after
{Heap after GC invocations=71 (full 0):
 garbage-first heap   total 236544K, used 92093K [0x0000000080000000, 0x0000000100000000)
  region size 1024K, 1 young (1024K), 1 survivors (1024K)
 Metaspace       used 110776K, capacity 113363K, committed 114684K, reserved 1148928K
  class space    used 13528K, capacity 14471K, committed 14720K, reserved 1048576K
}
Event: 5967.100 GC heap before
{Heap before GC invocations=71 (full 0):
 garbage-first heap   total 236544K, used 180157K [0x0000000080000000, 0x0000000100000000)
  region size 1024K, 88 young (90112K), 1 survivors (1024K)
 Metaspace       used 111125K, capacity 113872K, committed 114684K, reserved 1148928K
  class space    used 13562K, capacity 14534K, committed 14720K, reserved 1048576K
}
Event: 5967.121 GC heap after
{Heap after GC invocations=72 (full 0):
 garbage-first heap   total 236544K, used 95181K [0x0000000080000000, 0x0000000100000000)
  region size 1024K, 5 young (5120K), 5 survivors (5120K)
 Metaspace       used 111125K, capacity 113872K, committed 114684K, reserved 1148928K
  class space    used 13562K, capacity 14534K, committed 14720K, reserved 1048576K
}
Event: 5968.657 GC heap before
{Heap before GC invocations=73 (full 0):
 garbage-first heap   total 236544K, used 183245K [0x0000000080000000, 0x0000000100000000)
  region size 1024K, 92 young (94208K), 5 survivors (5120K)
 Metaspace       used 111192K, capacity 113950K, committed 114684K, reserved 1148928K
  class space    used 13565K, capacity 14537K, committed 14720K, reserved 1048576K
}
Event: 5968.674 GC heap after
{Heap after GC invocations=74 (full 0):
 garbage-first heap   total 236544K, used 97728K [0x0000000080000000, 0x0000000100000000)
  region size 1024K, 7 young (7168K), 7 survivors (7168K)
 Metaspace       used 111192K, capacity 113950K, committed 114684K, reserved 1148928K
  class space    used 13565K, capacity 14537K, committed 14720K, reserved 1048576K
}
Event: 5968.711 GC heap before
{Heap before GC invocations=74 (full 0):
 garbage-first heap   total 236544K, used 100800K [0x0000000080000000, 0x0000000100000000)
  region size 1024K, 11 young (11264K), 7 survivors (7168K)
 Metaspace       used 111192K, capacity 113950K, committed 114684K, reserved 1148928K
  class space    used 13565K, capacity 14537K, committed 14720K, reserved 1048576K
}
Event: 5968.734 GC heap after
{Heap after GC invocations=75 (full 0):
 garbage-first heap   total 236544K, used 93473K [0x0000000080000000, 0x0000000100000000)
  region size 1024K, 1 young (1024K), 1 survivors (1024K)
 Metaspace       used 111192K, capacity 113950K, committed 114684K, reserved 1148928K
  class space    used 13565K, capacity 14537K, committed 14720K, reserved 1048576K
}
Event: 6228.450 GC heap before
{Heap before GC invocations=75 (full 0):
 garbage-first heap   total 236544K, used 160033K [0x0000000080000000, 0x0000000100000000)
  region size 1024K, 68 young (69632K), 1 survivors (1024K)
 Metaspace       used 111498K, capacity 114257K, committed 114684K, reserved 1148928K
  class space    used 13598K, capacity 14597K, committed 14720K, reserved 1048576K
}
Event: 6228.472 GC heap after
{Heap after GC invocations=76 (full 0):
 garbage-first heap   total 236544K, used 97370K [0x0000000080000000, 0x0000000100000000)
  region size 1024K, 5 young (5120K), 5 survivors (5120K)
 Metaspace       used 111498K, capacity 114257K, committed 114684K, reserved 1148928K
  class space    used 13598K, capacity 14597K, committed 14720K, reserved 1048576K
}
Event: 6232.811 GC heap before
{Heap before GC invocations=77 (full 0):
 garbage-first heap   total 236544K, used 196698K [0x0000000080000000, 0x0000000100000000)
  region size 1024K, 94 young (96256K), 5 survivors (5120K)
 Metaspace       used 111943K, capacity 114863K, committed 114940K, reserved 1148928K
  class space    used 13657K, capacity 14708K, committed 14720K, reserved 1048576K
}
Event: 6232.824 GC heap after
{Heap after GC invocations=78 (full 0):
 garbage-first heap   total 236544K, used 98800K [0x0000000080000000, 0x0000000100000000)
  region size 1024K, 6 young (6144K), 6 survivors (6144K)
 Metaspace       used 111943K, capacity 114863K, committed 114940K, reserved 1148928K
  class space    used 13657K, capacity 14708K, committed 14720K, reserved 1048576K
}
Event: 6260.356 GC heap before
{Heap before GC invocations=78 (full 0):
 garbage-first heap   total 236544K, used 103920K [0x0000000080000000, 0x0000000100000000)
  region size 1024K, 11 young (11264K), 6 survivors (6144K)
 Metaspace       used 111956K, capacity 114863K, committed 114940K, reserved 1148928K
  class space    used 13657K, capacity 14708K, committed 14720K, reserved 1048576K
}
Event: 6260.371 GC heap after
{Heap after GC invocations=79 (full 0):
 garbage-first heap   total 236544K, used 90208K [0x0000000080000000, 0x0000000100000000)
  region size 1024K, 2 young (2048K), 2 survivors (2048K)
 Metaspace       used 111956K, capacity 114863K, committed 114940K, reserved 1148928K
  class space    used 13657K, capacity 14708K, committed 14720K, reserved 1048576K
}
Event: 6261.374 GC heap before
{Heap before GC invocations=79 (full 0):
 garbage-first heap   total 236544K, used 139360K [0x0000000080000000, 0x0000000100000000)
  region size 1024K, 52 young (53248K), 2 survivors (2048K)
 Metaspace       used 112026K, capacity 114928K, committed 114940K, reserved 1148928K
  class space    used 13658K, capacity 14708K, committed 14720K, reserved 1048576K
}
Event: 6261.389 GC heap after
{Heap after GC invocations=80 (full 0):
 garbage-first heap   total 236544K, used 93384K [0x0000000080000000, 0x0000000100000000)
  region size 1024K, 5 young (5120K), 5 survivors (5120K)
 Metaspace       used 112026K, capacity 114928K, committed 114940K, reserved 1148928K
  class space    used 13658K, capacity 14708K, committed 14720K, reserved 1048576K
}
Event: 6337.858 GC heap before
{Heap before GC invocations=81 (full 0):
 garbage-first heap   total 236544K, used 198856K [0x0000000080000000, 0x0000000100000000)
  region size 1024K, 100 young (102400K), 5 survivors (5120K)
 Metaspace       used 112140K, capacity 114992K, committed 115196K, reserved 1150976K
  class space    used 13658K, capacity 14708K, committed 14720K, reserved 1048576K
}
Event: 6337.867 GC heap after
{Heap after GC invocations=82 (full 0):
 garbage-first heap   total 236544K, used 90490K [0x0000000080000000, 0x0000000100000000)
  region size 1024K, 2 young (2048K), 2 survivors (2048K)
 Metaspace       used 112140K, capacity 114992K, committed 115196K, reserved 1150976K
  class space    used 13658K, capacity 14708K, committed 14720K, reserved 1048576K
}
Event: 6338.000 GC heap before
{Heap before GC invocations=82 (full 0):
 garbage-first heap   total 236544K, used 98682K [0x0000000080000000, 0x0000000100000000)
  region size 1024K, 11 young (11264K), 2 survivors (2048K)
 Metaspace       used 112140K, capacity 114992K, committed 115196K, reserved 1150976K
  class space    used 13658K, capacity 14708K, committed 14720K, reserved 1048576K
}
Event: 6338.013 GC heap after
{Heap after GC invocations=83 (full 0):
 garbage-first heap   total 236544K, used 84998K [0x0000000080000000, 0x0000000100000000)
  region size 1024K, 2 young (2048K), 2 survivors (2048K)
 Metaspace       used 112140K, capacity 114992K, committed 115196K, reserved 1150976K
  class space    used 13658K, capacity 14708K, committed 14720K, reserved 1048576K
}

